[INFO - 2025-10-11 08:32:49,186] ==> Curr. year: 2010
[INFO - 2025-10-11 08:32:56,371] 26 links found for 1/2010.
[INFO - 2025-10-11 08:32:57,537] 25 links found for 2/2010.
[INFO - 2025-10-11 08:32:58,702] 25 links found for 3/2010.
[INFO - 2025-10-11 08:32:59,869] 25 links found for 4/2010.
[INFO - 2025-10-11 08:33:01,013] 22 links found for 5/2010.
[INFO - 2025-10-11 08:33:02,150] 19 links found for 6/2010.
[INFO - 2025-10-11 08:33:03,275] 17 links found for 7/2010.
[INFO - 2025-10-11 08:33:04,428] 22 links found for 8/2010.
[INFO - 2025-10-11 08:33:05,521] 9 links found for 9/2010.
[INFO - 2025-10-11 08:33:06,675] 22 links found for 10/2010.
[INFO - 2025-10-11 08:33:07,813] 19 links found for 11/2010.
[INFO - 2025-10-11 08:33:08,952] 19 links found for 12/2010.
[INFO - 2025-10-11 08:33:08,952] 
[INFO - 2025-10-11 08:33:08,952] ==> Curr. year: 2011
[INFO - 2025-10-11 08:33:12,812] 21 links found for 1/2011.
[INFO - 2025-10-11 08:33:13,951] 19 links found for 2/2011.
[INFO - 2025-10-11 08:33:15,068] 15 links found for 3/2011.
[INFO - 2025-10-11 08:33:16,224] 22 links found for 4/2011.
[INFO - 2025-10-11 08:33:17,364] 20 links found for 5/2011.
[INFO - 2025-10-11 08:33:18,490] 17 links found for 6/2011.
[INFO - 2025-10-11 08:33:19,636] 21 links found for 7/2011.
[INFO - 2025-10-11 08:33:20,759] 16 links found for 8/2011.
[INFO - 2025-10-11 08:33:21,931] 27 links found for 9/2011.
[INFO - 2025-10-11 08:33:23,102] 31 links found for 10/2011.
[INFO - 2025-10-11 08:33:24,281] 28 links found for 11/2011.
[INFO - 2025-10-11 08:33:25,468] 30 links found for 12/2011.
[INFO - 2025-10-11 08:33:25,468] 
[INFO - 2025-10-11 08:33:25,468] ==> Curr. year: 2012
[INFO - 2025-10-11 08:33:29,354] 31 links found for 1/2012.
[INFO - 2025-10-11 08:33:30,538] 29 links found for 2/2012.
[INFO - 2025-10-11 08:33:31,733] 31 links found for 3/2012.
[INFO - 2025-10-11 08:33:32,888] 23 links found for 4/2012.
[INFO - 2025-10-11 08:33:34,079] 31 links found for 5/2012.
[INFO - 2025-10-11 08:33:35,265] 30 links found for 6/2012.
[INFO - 2025-10-11 08:33:36,449] 30 links found for 7/2012.
[INFO - 2025-10-11 08:33:37,589] 20 links found for 8/2012.
[INFO - 2025-10-11 08:33:38,745] 24 links found for 9/2012.
[INFO - 2025-10-11 08:33:39,947] 31 links found for 10/2012.
[INFO - 2025-10-11 08:33:41,134] 30 links found for 11/2012.
[INFO - 2025-10-11 08:33:42,322] 31 links found for 12/2012.
[INFO - 2025-10-11 08:33:42,322] 
[INFO - 2025-10-11 08:33:42,322] ==> Curr. year: 2013
[INFO - 2025-10-11 08:33:45,698] 31 links found for 1/2013.
[INFO - 2025-10-11 08:33:46,867] 26 links found for 2/2013.
[INFO - 2025-10-11 08:33:48,050] 31 links found for 3/2013.
[INFO - 2025-10-11 08:33:49,231] 29 links found for 4/2013.
[INFO - 2025-10-11 08:33:50,396] 31 links found for 5/2013.
[INFO - 2025-10-11 08:33:51,584] 30 links found for 6/2013.
[INFO - 2025-10-11 08:33:52,784] 31 links found for 7/2013.
[INFO - 2025-10-11 08:33:53,971] 31 links found for 8/2013.
[INFO - 2025-10-11 08:33:55,154] 30 links found for 9/2013.
[INFO - 2025-10-11 08:33:56,350] 31 links found for 10/2013.
[INFO - 2025-10-11 08:33:57,540] 30 links found for 11/2013.
[INFO - 2025-10-11 08:33:58,732] 31 links found for 12/2013.
[INFO - 2025-10-11 08:33:58,732] 
[INFO - 2025-10-11 08:33:58,732] ==> Curr. year: 2014
[INFO - 2025-10-11 08:34:02,531] 31 links found for 1/2014.
[INFO - 2025-10-11 08:34:03,709] 28 links found for 2/2014.
[INFO - 2025-10-11 08:34:04,901] 31 links found for 3/2014.
[INFO - 2025-10-11 08:34:06,088] 30 links found for 4/2014.
[INFO - 2025-10-11 08:34:07,291] 31 links found for 5/2014.
[INFO - 2025-10-11 08:34:08,478] 30 links found for 6/2014.
[INFO - 2025-10-11 08:34:09,671] 31 links found for 7/2014.
[INFO - 2025-10-11 08:34:10,860] 31 links found for 8/2014.
[INFO - 2025-10-11 08:34:12,048] 30 links found for 9/2014.
[INFO - 2025-10-11 08:34:13,229] 31 links found for 10/2014.
[INFO - 2025-10-11 08:34:14,417] 30 links found for 11/2014.
[INFO - 2025-10-11 08:34:15,603] 31 links found for 12/2014.
[INFO - 2025-10-11 08:34:15,603] 
[INFO - 2025-10-11 08:34:15,603] ==> Curr. year: 2015
[INFO - 2025-10-11 08:34:19,354] 31 links found for 1/2015.
[INFO - 2025-10-11 08:34:20,531] 28 links found for 2/2015.
[INFO - 2025-10-11 08:34:21,721] 31 links found for 3/2015.
[INFO - 2025-10-11 08:34:22,917] 30 links found for 4/2015.
[INFO - 2025-10-11 08:34:24,107] 31 links found for 5/2015.
[INFO - 2025-10-11 08:34:25,286] 30 links found for 6/2015.
[INFO - 2025-10-11 08:34:26,475] 31 links found for 7/2015.
[INFO - 2025-10-11 08:34:27,658] 29 links found for 8/2015.
[INFO - 2025-10-11 08:34:28,840] 29 links found for 9/2015.
[INFO - 2025-10-11 08:34:30,030] 31 links found for 10/2015.
[INFO - 2025-10-11 08:34:31,226] 30 links found for 11/2015.
[INFO - 2025-10-11 08:34:32,418] 31 links found for 12/2015.
[INFO - 2025-10-11 08:34:32,418] 
[INFO - 2025-10-11 08:34:32,418] ==> Curr. year: 2016
[INFO - 2025-10-11 08:34:36,563] 31 links found for 1/2016.
[INFO - 2025-10-11 08:34:37,745] 29 links found for 2/2016.
[INFO - 2025-10-11 08:34:38,923] 31 links found for 3/2016.
[INFO - 2025-10-11 08:34:40,114] 30 links found for 4/2016.
[INFO - 2025-10-11 08:34:41,327] 31 links found for 5/2016.
[INFO - 2025-10-11 08:34:42,503] 30 links found for 6/2016.
[INFO - 2025-10-11 08:34:43,696] 31 links found for 7/2016.
[INFO - 2025-10-11 08:34:44,889] 31 links found for 8/2016.
[INFO - 2025-10-11 08:34:46,076] 30 links found for 9/2016.
[INFO - 2025-10-11 08:34:47,261] 31 links found for 10/2016.
[INFO - 2025-10-11 08:34:48,447] 30 links found for 11/2016.
[INFO - 2025-10-11 08:34:49,638] 31 links found for 12/2016.
[INFO - 2025-10-11 08:34:49,638] 
[INFO - 2025-10-11 08:34:49,638] ==> Curr. year: 2017
[INFO - 2025-10-11 08:34:53,594] 31 links found for 1/2017.
[INFO - 2025-10-11 08:34:54,770] 28 links found for 2/2017.
[INFO - 2025-10-11 08:34:55,960] 31 links found for 3/2017.
[INFO - 2025-10-11 08:34:57,146] 30 links found for 4/2017.
[INFO - 2025-10-11 08:34:58,337] 31 links found for 5/2017.
[INFO - 2025-10-11 08:34:59,523] 30 links found for 6/2017.
[INFO - 2025-10-11 08:35:00,715] 31 links found for 7/2017.
[INFO - 2025-10-11 08:35:01,904] 31 links found for 8/2017.
[INFO - 2025-10-11 08:35:03,091] 30 links found for 9/2017.
[INFO - 2025-10-11 08:35:04,280] 31 links found for 10/2017.
[INFO - 2025-10-11 08:35:05,473] 30 links found for 11/2017.
[INFO - 2025-10-11 08:35:06,665] 31 links found for 12/2017.
[INFO - 2025-10-11 08:35:06,665] 
[INFO - 2025-10-11 08:35:06,665] ==> Curr. year: 2018
[INFO - 2025-10-11 08:35:11,271] 31 links found for 1/2018.
[INFO - 2025-10-11 08:35:12,445] 28 links found for 2/2018.
[INFO - 2025-10-11 08:35:13,635] 31 links found for 3/2018.
[INFO - 2025-10-11 08:35:14,828] 30 links found for 4/2018.
[INFO - 2025-10-11 08:35:16,019] 31 links found for 5/2018.
[INFO - 2025-10-11 08:35:17,205] 30 links found for 6/2018.
[INFO - 2025-10-11 08:35:18,407] 31 links found for 7/2018.
[INFO - 2025-10-11 08:35:19,598] 31 links found for 8/2018.
[INFO - 2025-10-11 08:35:20,786] 30 links found for 9/2018.
[INFO - 2025-10-11 08:35:21,977] 31 links found for 10/2018.
[INFO - 2025-10-11 08:35:23,134] 30 links found for 11/2018.
[INFO - 2025-10-11 08:35:24,324] 31 links found for 12/2018.
[INFO - 2025-10-11 08:35:24,324] 
[INFO - 2025-10-11 08:35:24,324] ==> Curr. year: 2019
[INFO - 2025-10-11 08:35:27,310] 31 links found for 1/2019.
[INFO - 2025-10-11 08:35:28,497] 28 links found for 2/2019.
[INFO - 2025-10-11 08:35:29,694] 31 links found for 3/2019.
[INFO - 2025-10-11 08:35:30,886] 30 links found for 4/2019.
[ERROR - 2025-10-11 08:35:30,889] Failed while processing month 5.
[ERROR - 2025-10-11 08:35:30,891] Failed while processing month 6.
[ERROR - 2025-10-11 08:35:30,894] Failed while processing month 7.
[ERROR - 2025-10-11 08:35:30,896] Failed while processing month 8.
[ERROR - 2025-10-11 08:35:30,898] Failed while processing month 9.
[ERROR - 2025-10-11 08:35:30,900] Failed while processing month 10.
[ERROR - 2025-10-11 08:35:30,902] Failed while processing month 11.
[ERROR - 2025-10-11 08:35:30,904] Failed while processing month 12.
[INFO - 2025-10-11 08:35:30,904] 
[INFO - 2025-10-11 08:35:31,007] Total time taken to complete: 2.80min
